#
# There is insufficient memory for the Java Runtime Environment to continue.
# Native memory allocation (mmap) failed to map 201326592 bytes for G1 virtual space
# Possible reasons:
#   The system is out of physical RAM or swap space
#   The process is running with CompressedOops enabled, and the Java Heap may be blocking the growth of the native heap
# Possible solutions:
#   Reduce memory load on the system
#   Increase physical memory or swap space
#   Check if swap backing store is full
#   Decrease Java heap size (-Xmx/-Xms)
#   Decrease number of Java threads
#   Decrease Java thread stack sizes (-Xss)
#   Set larger code cache with -XX:ReservedCodeCacheSize=
#   JVM is running with Zero Based Compressed Oops mode in which the Java heap is
#     placed in the first 32GB address space. The Java Heap base address is the
#     maximum limit for the native heap growth. Please use -XX:HeapBaseMinAddress
#     to set the Java Heap base and to place the Java Heap above 32GB virtual address.
# This output file may be truncated or incomplete.
#
#  Out of Memory Error (os_windows.cpp:3536), pid=1796, tid=7880
#
# JRE version:  (19.0.2+7) (build )
# Java VM: Java HotSpot(TM) 64-Bit Server VM (19.0.2+7-44, mixed mode, sharing, tiered, compressed oops, compressed class ptrs, g1 gc, windows-amd64)
# No core dump will be written. Minidumps are not enabled by default on client versions of Windows
#

---------------  S U M M A R Y ------------

Command Line: -Dfile.encoding=UTF-8 --module-path=C:\Users\Simamora\OneDrive - Politeknik Negeri Medan\Documents\NetBeansProject\UTS Semester 3\build\classes DashboardKasir.Receipt

Host: Intel(R) Core(TM) i3-8130U CPU @ 2.20GHz, 4 cores, 11G,  Windows 11 , 64 bit Build 22621 (10.0.22621.2506)
Time: Tue Dec 19 22:28:17 2023 SE Asia Standard Time elapsed time: 0.014119 seconds (0d 0h 0m 0s)

---------------  T H R E A D  ---------------

Current thread (0x0000022a7f67d1a0):  JavaThread "Unknown thread" [_thread_in_vm, id=7880, stack(0x000000a7e1200000,0x000000a7e1300000)]

Stack: [0x000000a7e1200000,0x000000a7e1300000]
Native frames: (J=compiled Java code, j=interpreted, Vv=VM code, C=native code)
V  [jvm.dll+0x6ee21a]
V  [jvm.dll+0x85765e]
V  [jvm.dll+0x85904e]
V  [jvm.dll+0x859703]
V  [jvm.dll+0x28298f]
V  [jvm.dll+0x6eb009]
V  [jvm.dll+0x6dfbaa]
V  [jvm.dll+0x3573f6]
V  [jvm.dll+0x35ee56]
V  [jvm.dll+0x3b541e]
V  [jvm.dll+0x3b564f]
V  [jvm.dll+0x32c9ea]
V  [jvm.dll+0x32d89e]
V  [jvm.dll+0x821780]
V  [jvm.dll+0x3c2661]
V  [jvm.dll+0x801f51]
V  [jvm.dll+0x44ae8f]
V  [jvm.dll+0x44c811]
C  [jli.dll+0x5287]
C  [ucrtbase.dll+0x29363]
C  [KERNEL32.DLL+0x1257d]
C  [ntdll.dll+0x5aa58]


---------------  P R O C E S S  ---------------

Threads class SMR info:
_java_thread_list=0x00007ffaeb1dd048, length=0, elements={
}

Java Threads: ( => current thread )

Other Threads:
  0x0000022a7f6d9c00 WorkerThread "GC Thread#0" [stack: 0x000000a7e1300000,0x000000a7e1400000] [id=13488]
  0x0000022a7f6e6b20 ConcurrentGCThread "G1 Main Marker" [stack: 0x000000a7e1400000,0x000000a7e1500000] [id=11732]
  0x0000022a7f6e7cf0 WorkerThread "G1 Conc#0" [stack: 0x000000a7e1500000,0x000000a7e1600000] [id=3796]

[error occurred during error reporting (printing all threads), id 0xc0000005, EXCEPTION_ACCESS_VIOLATION (0xc0000005) at pc=0x00007ffaea99d427]

VM state: not at safepoint (not fully initialized)

VM Mutex/Monitor currently owned by a thread:  ([mutex/lock_event])
[0x0000022a7f678c90] Heap_lock - owner thread: 0x0000022a7f67d1a0

Heap address: 0x0000000741e00000, size: 3042 MB, Compressed Oops mode: Zero based, Oop shift amount: 3

CDS archive(s) mapped at: [0x0000000000000000-0x0000000000000000-0x0000000000000000), size 0, SharedBaseAddress: 0x0000000800000000, ArchiveRelocationMode: 0.
Narrow klass base: 0x0000000000000000, Narrow klass shift: 0, Narrow klass range: 0x0

GC Precious Log:
 CardTable entry size: 512
 Card Set container configuration: InlinePtr #cards 4 size 8 Array Of Cards #cards 16 size 48 Howl #buckets 8 coarsen threshold 3686 Howl Bitmap #cards 512 size 80 coarsen threshold 460 Card regions per heap region 1 cards per card region 4096

Heap:
 garbage-first heap   total 0K, used 0K [0x0000000741e00000, 0x0000000800000000)
  region size 2048K, 0 young (0K), 0 survivors (0K)

[error occurred during error reporting (printing heap information), id 0xc0000005, EXCEPTION_ACCESS_VIOLATION (0xc0000005) at pc=0x00007ffaeada6649]

GC Heap History (0 events):
No events

Dll operation events (1 events):
Event: 0.008 Loaded shared library C:\Program Files\Java\jdk-19\bin\java.dll

Deoptimization events (0 events):
No events

Classes loaded (0 events):
No events

Classes unloaded (0 events):
No events

Classes redefined (0 events):
No events

Internal exceptions (0 events):
No events

VM Operations (0 events):
No events

Events (0 events):
No events


Dynamic libraries:
0x00007ff74b7d0000 - 0x00007ff74b7e0000 	C:\Program Files\Java\jdk-19\bin\java.exe
0x00007ffb92a10000 - 0x00007ffb92c27000 	C:\WINDOWS\SYSTEM32\ntdll.dll
0x00007ffb91140000 - 0x00007ffb91204000 	C:\WINDOWS\System32\KERNEL32.DLL
0x00007ffb8ff10000 - 0x00007ffb902b6000 	C:\WINDOWS\System32\KERNELBASE.dll
0x00007ffb8fdf0000 - 0x00007ffb8ff01000 	C:\WINDOWS\System32\ucrtbase.dll
0x00007ffb89da0000 - 0x00007ffb89db8000 	C:\Program Files\Java\jdk-19\bin\jli.dll
0x00007ffb89d70000 - 0x00007ffb89d8b000 	C:\Program Files\Java\jdk-19\bin\VCRUNTIME140.dll
0x00007ffb92600000 - 0x00007ffb926b1000 	C:\WINDOWS\System32\ADVAPI32.dll
0x00007ffb90fe0000 - 0x00007ffb91087000 	C:\WINDOWS\System32\msvcrt.dll
0x00007ffb91890000 - 0x00007ffb91935000 	C:\WINDOWS\System32\sechost.dll
0x00007ffb91210000 - 0x00007ffb91327000 	C:\WINDOWS\System32\RPCRT4.dll
0x00007ffb913b0000 - 0x00007ffb9155e000 	C:\WINDOWS\System32\USER32.dll
0x00007ffb90520000 - 0x00007ffb90546000 	C:\WINDOWS\System32\win32u.dll
0x00007ffb91dc0000 - 0x00007ffb91de9000 	C:\WINDOWS\System32\GDI32.dll
0x00007ffb902c0000 - 0x00007ffb903d8000 	C:\WINDOWS\System32\gdi32full.dll
0x00007ffb90550000 - 0x00007ffb905ea000 	C:\WINDOWS\System32\msvcp_win.dll
0x00007ffb73ca0000 - 0x00007ffb73f33000 	C:\WINDOWS\WinSxS\amd64_microsoft.windows.common-controls_6595b64144ccf1df_6.0.22621.2506_none_270c5ae97388e100\COMCTL32.dll
0x00007ffb87220000 - 0x00007ffb8722a000 	C:\WINDOWS\SYSTEM32\VERSION.dll
0x00007ffb92460000 - 0x00007ffb92491000 	C:\WINDOWS\System32\IMM32.DLL
0x00007ffb82e10000 - 0x00007ffb82e1c000 	C:\Program Files\Java\jdk-19\bin\vcruntime140_1.dll
0x00007ffb3d200000 - 0x00007ffb3d28e000 	C:\Program Files\Java\jdk-19\bin\msvcp140.dll
0x00007ffaea660000 - 0x00007ffaeb320000 	C:\Program Files\Java\jdk-19\bin\server\jvm.dll
0x00007ffb88480000 - 0x00007ffb884b4000 	C:\WINDOWS\SYSTEM32\WINMM.dll
0x00007ffb638d0000 - 0x00007ffb638d9000 	C:\WINDOWS\SYSTEM32\WSOCK32.dll
0x00007ffb92860000 - 0x00007ffb928d1000 	C:\WINDOWS\System32\WS2_32.dll
0x00007ffb8ee70000 - 0x00007ffb8ee88000 	C:\WINDOWS\SYSTEM32\kernel.appcore.dll
0x00007ffb82d90000 - 0x00007ffb82d9a000 	C:\Program Files\Java\jdk-19\bin\jimage.dll
0x00007ffb7fe10000 - 0x00007ffb80043000 	C:\WINDOWS\SYSTEM32\DBGHELP.DLL
0x00007ffb91f60000 - 0x00007ffb922e9000 	C:\WINDOWS\System32\combase.dll
0x00007ffb928e0000 - 0x00007ffb929b7000 	C:\WINDOWS\System32\OLEAUT32.dll
0x00007ffb613e0000 - 0x00007ffb61412000 	C:\WINDOWS\SYSTEM32\dbgcore.DLL
0x00007ffb904a0000 - 0x00007ffb9051a000 	C:\WINDOWS\System32\bcryptPrimitives.dll
0x00007ffb82da0000 - 0x00007ffb82dc6000 	C:\Program Files\Java\jdk-19\bin\java.dll

dbghelp: loaded successfully - version: 4.0.5 - missing functions: none
symbol engine: initialized successfully - sym options: 0x614 - pdb path: .;C:\Program Files\Java\jdk-19\bin;C:\WINDOWS\SYSTEM32;C:\WINDOWS\WinSxS\amd64_microsoft.windows.common-controls_6595b64144ccf1df_6.0.22621.2506_none_270c5ae97388e100;C:\Program Files\Java\jdk-19\bin\server

VM Arguments:
jvm_args: -Dfile.encoding=UTF-8 --module-path=C:\Users\Simamora\OneDrive - Politeknik Negeri Medan\Documents\NetBeansProject\UTS Semester 3\build\classes 
java_command: DashboardKasir.Receipt
java_class_path (initial): C:\Users\Simamora\Desktop\mysql-connector-j-8.1.0.jar;D:\Downloads\flatlaf-3.2.2.jar;C:\Users\Simamora\OneDrive - Politeknik Negeri Medan\Documents\NetBeansProject\UTS Semester 3\lib\JasperReport\commons-beanutils-1.8.2.jar;C:\Users\Simamora\OneDrive - Politeknik Negeri Medan\Documents\NetBeansProject\UTS Semester 3\lib\JasperReport\commons-collections-3.2.1.jar;C:\Users\Simamora\OneDrive - Politeknik Negeri Medan\Documents\NetBeansProject\UTS Semester 3\lib\JasperReport\commons-digester-2.1.jar;C:\Users\Simamora\OneDrive - Politeknik Negeri Medan\Documents\NetBeansProject\UTS Semester 3\lib\JasperReport\commons-logging-1.1.jar;C:\Users\Simamora\OneDrive - Politeknik Negeri Medan\Documents\NetBeansProject\UTS Semester 3\lib\JasperReport\groovy-all-2.0.1.jar;C:\Users\Simamora\OneDrive - Politeknik Negeri Medan\Documents\NetBeansProject\UTS Semester 3\lib\JasperReport\iText-2.1.7.js2.jar;C:\Users\Simamora\OneDrive - Politeknik Negeri Medan\Documents\NetBeansProject\UTS Semester 3\lib\JasperReport\jasperreports-5.6.0.jar;C:\Users\Simamora\OneDrive - Politeknik Negeri Medan\Documents\NetBeansProject\UTS Semester 3\lib\JasperReport\org-jdesktop-layout.jar;C:\Program Files\NetBeans-16\netbeans\java\modules\ext\AbsoluteLayout.jar;C:\Users\Simamora\OneDrive - Politeknik Negeri Medan\Documents\NetBeansProject\UTS Semester 3\build\classes
Launcher Type: SUN_STANDARD

[Global flags]
     intx CICompilerCount                          = 3                                         {product} {ergonomic}
     uint ConcGCThreads                            = 1                                         {product} {ergonomic}
     uint G1ConcRefinementThreads                  = 4                                         {product} {ergonomic}
   size_t G1HeapRegionSize                         = 2097152                                   {product} {ergonomic}
    uintx GCDrainStackTargetSize                   = 64                                        {product} {ergonomic}
   size_t InitialHeapSize                          = 201326592                                 {product} {ergonomic}
   size_t MarkStackSize                            = 4194304                                   {product} {ergonomic}
   size_t MaxHeapSize                              = 3189768192                                {product} {ergonomic}
   size_t MinHeapDeltaBytes                        = 2097152                                   {product} {ergonomic}
   size_t MinHeapSize                              = 8388608                                   {product} {ergonomic}
    uintx NonNMethodCodeHeapSize                   = 5832780                                {pd product} {ergonomic}
    uintx NonProfiledCodeHeapSize                  = 122912730                              {pd product} {ergonomic}
    uintx ProfiledCodeHeapSize                     = 122912730                              {pd product} {ergonomic}
    uintx ReservedCodeCacheSize                    = 251658240                              {pd product} {ergonomic}
     bool SegmentedCodeCache                       = true                                      {product} {ergonomic}
   size_t SoftMaxHeapSize                          = 3189768192                             {manageable} {ergonomic}
     bool UseCompressedClassPointers               = true                           {product lp64_product} {ergonomic}
     bool UseCompressedOops                        = true                           {product lp64_product} {ergonomic}
     bool UseG1GC                                  = true                                      {product} {ergonomic}
     bool UseLargePagesIndividualAllocation        = false                                  {pd product} {ergonomic}

Logging:
Log output configuration:
 #0: stdout all=warning uptime,level,tags foldmultilines=false
 #1: stderr all=off uptime,level,tags foldmultilines=false

Environment Variables:
PATH=C:\Program Files\Common Files\Oracle\Java\javapath;C:\Program Files (x86)\Common Files\Oracle\Java\javapath;C:\Windows\system32;C:\Windows;C:\Windows\System32\Wbem;C:\Windows\System32\WindowsPowerShell\v1.0\;C:\Windows\System32\OpenSSH\;D:\Program Files (x86)\IBM\SPSS\Statistics\21\JRE\bin;C:\Program Files (x86)\NVIDIA Corporation\PhysX\Common;C:\Program Files\MATLAB\R2014b\runtime\win64;C:\Program Files\MATLAB\R2014b\bin;C:\MinGW\bin\;C:\Program Files\NVIDIA Corporation\NVIDIA NvDLISR;C:\ProgramData\ComposerSetup\bin;C:\Program Files (x86)\ooklaSpeedtest;D:\Program Files\Inkscape\bin;C:\WINDOWS\system32;C:\WINDOWS;C:\WINDOWS\System32\Wbem;C:\WINDOWS\System32\WindowsPowerShell\v1.0\;C:\WINDOWS\System32\OpenSSH\;C:\Program Files\Go\bin;C:\laragon\bin\ngrok;C:\Users\Simamora\AppData\Local\Programs\Python\Python310\Scripts\;C:\Users\Simamora\AppData\Local\Programs\Python\Python310\;C:\Users\Simamora\AppData\Local\Micr;C:\Program Files\Microsoft VS Code\bin;C:\Program Files\Git\cmd;C:\Program Files\WireGuard\;C:\Program Files\MATLAB\R2014b\polyspace\bin;C:\Program Files\nodejs\;C:\Program Files\Cloudflare\Cloudflare WARP\;C:\laragon\bin;C:\laragon\bin\apache\httpd-2.4.54-win64-VS16\bin;C:\laragon\bin\composer;C:\laragon\bin\dbeaver;C:\laragon\bin\git\bin;C:\laragon\bin\git\cmd;C:\laragon\bin\git\mingw64\bin;C:\laragon\bin\git\usr\bin;C:\laragon\bin\laragon\utils;C:\laragon\bin\mongodb\mongodb-4.0.3\bin;C:\laragon\bin\mysql\mysql-8.0.30-winx64\bin;C:\laragon\bin\nginx\nginx-1.22.0;C:\laragon\bin\ngrok;C:\laragon\bin\nodejs\node-v18;C:\laragon\bin\notepad++;C:\laragon\bin\php\php-8.1.10-Win32-vs16-x64;C:\laragon\bin\postgresql\postgresql-14.5-1\bin;C:\laragon\bin\python\python-3.10;C:\laragon\bin\python\python-3.10\Scripts;C:\laragon\bin\redis\redis-x64-5.0.14.1;C:\laragon\bin\telnet;C:\laragon\bin\yarn\bin;C:\laragon\usr\bin;C:\Users\Simamora\AppData\Local\Yarn\config\global\node_modules\.bin;C:\Users\Simamora\AppData\Roaming\Composer\vendor\bin;C:\Users\Simamora\AppData\Roaming\npm;C:\Ruby31-x64\bin;C:\Users\Simamora\AppData\Local\Programs\Python\Python310\Scripts\;C:\Users\Simamora\AppData\Local\Programs\Python\Python310\;;C:\Program Files\JetBrains\IntelliJ IDEA Community Edition 2023.2.5\bin;;C:\Program Files\JetBrains\PyCharm Community Edition 2023.2.5\bin;
USERNAME=MrSimamora
OS=Windows_NT
PROCESSOR_IDENTIFIER=Intel64 Family 6 Model 142 Stepping 10, GenuineIntel
TMP=C:\Users\Simamora\AppData\Local\Temp
TEMP=C:\Users\Simamora\AppData\Local\Temp



---------------  S Y S T E M  ---------------

OS:
 Windows 11 , 64 bit Build 22621 (10.0.22621.2506)
OS uptime: 0 days 7:37 hours

CPU: total 4 (initial active 4) (2 cores per cpu, 2 threads per core) family 6 model 142 stepping 10 microcode 0xe0, cx8, cmov, fxsr, ht, mmx, 3dnowpref, sse, sse2, sse3, ssse3, sse4.1, sse4.2, popcnt, lzcnt, tsc, tscinvbit, avx, avx2, aes, erms, clmul, bmi1, bmi2, adx, fma, vzeroupper, clflush, clflushopt, rdtscp

Memory: 4k page, system-wide physical 12165M (4133M free)
TotalPageFile size 12165M (AvailPageFile size 118M)
current process WorkingSet (physical memory assigned to process): 11M, peak: 11M
current process commit charge ("private bytes"): 52M, peak: 244M

vm_info: Java HotSpot(TM) 64-Bit Server VM (19.0.2+7-44) for windows-amd64 JRE (19.0.2+7-44), built on 2022-11-30T18:02:09Z by "mach5one" with MS VC++ 17.1 (VS2022)

END.
